<?xml version="1.0" encoding="UTF-8"?>
<!-- Generated by org.testng.reporters.JUnitReportReporter -->
<testsuite hostname="Shivu" failures="0" tests="1" name="gitpractice.PushNewCode" time="0.035" errors="0" timestamp="2023-01-19T21:52:59 IST" skipped="0">
  <testcase classname="gitpractice.PushNewCode" name="test1" time="0.035"/>
  <system-out/>
</testsuite> <!-- gitpractice.PushNewCode -->
