<?xml version="1.0" encoding="UTF-8"?>
<!-- Generated by org.testng.reporters.JUnitReportReporter -->
<testsuite hostname="Shivu" failures="0" tests="1" name="gitpractice.CreateNewCode" time="0.035" errors="0" timestamp="2023-01-19T21:05:43 IST" skipped="0">
  <testcase classname="gitpractice.CreateNewCode" name="codePushed" time="0.035"/>
  <system-out/>
</testsuite> <!-- gitpractice.CreateNewCode -->
